2025-06-26 21:27:08,324 - WARNING - No mail-id row for AFCOM HOLDINGS LIMITED
2025-06-26 21:27:08,326 - WARNING - No mail-id row for AIR ARABIA
2025-06-26 21:27:08,326 - WARNING - No mail-id row for AIR ARABIA ABU DHABI LLC
2025-06-26 21:27:08,327 - WARNING - No mail-id row for AIR INDIA LIMITED
2025-06-26 21:27:08,329 - WARNING - No mail-id row for AIRASIA BERHAD
2025-06-26 21:27:08,330 - WARNING - No mail-id row for AIRLIFT SERVICES PVT LTD
2025-06-26 21:27:08,331 - WARNING - No mail-id row for BEIJING CAPITAL AIRLINES
2025-06-26 21:27:08,333 - WARNING - No mail-id row for BLUE DART AVIATION LIMITED
2025-06-26 21:27:08,333 - WARNING - No mail-id row for BRITISH AIRWAYS
2025-06-26 21:27:08,334 - WARNING - No mail-id row for CATHAY PACIFIC AIRWAYS
2025-06-26 21:27:11,814 - ERROR - Send failure DHL EXPRESS I P.LTD.: (535, b'5.7.8 Username and Password not accepted. For more information, go to\n5.7.8  https://support.google.com/mail/?p=BadCredentials d9443c01a7336-23abe42b425sm1162475ad.211 - gsmtp')
2025-06-26 21:27:11,816 - WARNING - No mail-id row for EMIRATES SKY CARGO
2025-06-26 21:27:11,817 - WARNING - No mail-id row for ETHIOPIAN AIRLINES
2025-06-26 21:27:11,818 - WARNING - No mail-id row for ETIHAD AIRWAYS
2025-06-26 21:27:11,819 - WARNING - No mail-id row for FEDEX EXPRESS TRANSPORTATION AND SUPPLY CHAIN SER
2025-06-26 21:27:11,821 - WARNING - No mail-id row for HONGKONG AIRLINES
2025-06-26 21:27:11,821 - WARNING - No mail-id row for INTERGLOBE AVIATION
2025-06-26 21:27:11,822 - WARNING - No mail-id row for K-MILE AIR CO. LTD.
2025-06-26 21:27:11,822 - WARNING - No mail-id row for LEISURE CARGO INDIA PVT LTD
2025-06-26 21:27:11,823 - WARNING - No mail-id row for LUFTHANSA CARGO AG
2025-06-26 21:27:11,823 - WARNING - No mail-id row for OMAN AIR S A O C
2025-06-26 21:27:11,823 - WARNING - No mail-id row for OSCAR FREIGHT P.LTD.
2025-06-26 21:27:11,824 - WARNING - No mail-id row for QATAR AIRWAYS
2025-06-26 21:27:11,825 - WARNING - No mail-id row for ROYAL BRUNEI AIRLINES
2025-06-26 21:27:11,825 - WARNING - No mail-id row for SALAMAIR SAOC
2025-06-26 21:27:11,826 - WARNING - No mail-id row for SHREEJI TRANSLOGISTICS LTD
2025-06-26 21:27:11,826 - WARNING - No mail-id row for SICHUAN AIRLINES
2025-06-26 21:27:11,826 - WARNING - No mail-id row for SRILANKAN AIRLINES LIMITED
2025-06-26 21:27:11,828 - WARNING - No mail-id row for THAI AIR ASIA CO LTD
2025-06-26 21:27:11,828 - WARNING - No mail-id row for THAI LION MENTARI CO. LTD
2025-06-26 21:27:11,829 - WARNING - No mail-id row for TT AVIATION HANDLING SERVICES P.LTD.
2025-06-26 21:27:11,830 - WARNING - No mail-id row for WCS WORLD CARGO SOLUTIONS INDIA PRIVATE
2025-06-26 21:27:11,830 - WARNING - No mail-id row for WISDOM GLOBAL FREIGHT SOLUTIONS PRIVATE LIMITED
2025-06-26 21:27:11,830 - WARNING - No mail-id row for YTO CARGO AIRLINES CO LTD
2025-06-26 21:31:46,722 - WARNING - No mail-id row for AFCOM HOLDINGS LIMITED
2025-06-26 21:31:46,723 - WARNING - No mail-id row for AIR ARABIA
2025-06-26 21:31:46,724 - WARNING - No mail-id row for AIR ARABIA ABU DHABI LLC
2025-06-26 21:31:46,724 - WARNING - No mail-id row for AIR INDIA LIMITED
2025-06-26 21:31:46,725 - WARNING - No mail-id row for AIRASIA BERHAD
2025-06-26 21:31:46,725 - WARNING - No mail-id row for AIRLIFT SERVICES PVT LTD
2025-06-26 21:31:46,726 - WARNING - No mail-id row for BEIJING CAPITAL AIRLINES
2025-06-26 21:31:46,728 - WARNING - No mail-id row for BLUE DART AVIATION LIMITED
2025-06-26 21:31:46,728 - WARNING - No mail-id row for BRITISH AIRWAYS
2025-06-26 21:31:46,728 - WARNING - No mail-id row for CATHAY PACIFIC AIRWAYS
2025-06-26 21:31:50,864 - ERROR - Send failure DHL EXPRESS I P.LTD.: (535, b'5.7.8 Username and Password not accepted. For more information, go to\n5.7.8  https://support.google.com/mail/?p=BadCredentials 98e67ed59e1d1-318c13a270csm131188a91.16 - gsmtp')
2025-06-26 21:31:50,865 - WARNING - No mail-id row for EMIRATES SKY CARGO
2025-06-26 21:31:50,866 - WARNING - No mail-id row for ETHIOPIAN AIRLINES
2025-06-26 21:31:50,866 - WARNING - No mail-id row for ETIHAD AIRWAYS
2025-06-26 21:31:50,867 - WARNING - No mail-id row for FEDEX EXPRESS TRANSPORTATION AND SUPPLY CHAIN SER
2025-06-26 21:31:50,868 - WARNING - No mail-id row for HONGKONG AIRLINES
2025-06-26 21:31:50,869 - WARNING - No mail-id row for INTERGLOBE AVIATION
2025-06-26 21:31:50,869 - WARNING - No mail-id row for K-MILE AIR CO. LTD.
2025-06-26 21:31:50,871 - WARNING - No mail-id row for LEISURE CARGO INDIA PVT LTD
2025-06-26 21:31:50,872 - WARNING - No mail-id row for LUFTHANSA CARGO AG
2025-06-26 21:31:50,872 - WARNING - No mail-id row for OMAN AIR S A O C
2025-06-26 21:31:50,873 - WARNING - No mail-id row for OSCAR FREIGHT P.LTD.
2025-06-26 21:31:50,874 - WARNING - No mail-id row for QATAR AIRWAYS
2025-06-26 21:31:50,874 - WARNING - No mail-id row for ROYAL BRUNEI AIRLINES
2025-06-26 21:31:50,875 - WARNING - No mail-id row for SALAMAIR SAOC
2025-06-26 21:31:50,875 - WARNING - No mail-id row for SHREEJI TRANSLOGISTICS LTD
2025-06-26 21:31:50,876 - WARNING - No mail-id row for SICHUAN AIRLINES
2025-06-26 21:31:50,876 - WARNING - No mail-id row for SRILANKAN AIRLINES LIMITED
2025-06-26 21:31:50,877 - WARNING - No mail-id row for THAI AIR ASIA CO LTD
2025-06-26 21:31:50,878 - WARNING - No mail-id row for THAI LION MENTARI CO. LTD
2025-06-26 21:31:50,878 - WARNING - No mail-id row for TT AVIATION HANDLING SERVICES P.LTD.
2025-06-26 21:31:50,879 - WARNING - No mail-id row for WCS WORLD CARGO SOLUTIONS INDIA PRIVATE
2025-06-26 21:31:50,880 - WARNING - No mail-id row for WISDOM GLOBAL FREIGHT SOLUTIONS PRIVATE LIMITED
2025-06-26 21:31:50,880 - WARNING - No mail-id row for YTO CARGO AIRLINES CO LTD
2025-06-26 21:37:33,549 - WARNING - No mail row for AFCOM HOLDINGS LIMITED
2025-06-26 21:37:33,551 - WARNING - No mail row for AIR ARABIA
2025-06-26 21:37:33,551 - WARNING - No mail row for AIR ARABIA ABU DHABI LLC
2025-06-26 21:37:33,552 - WARNING - No mail row for AIR INDIA LIMITED
2025-06-26 21:37:33,552 - WARNING - No mail row for AIRASIA BERHAD
2025-06-26 21:37:33,553 - WARNING - No mail row for AIRLIFT SERVICES PVT LTD
2025-06-26 21:37:33,553 - WARNING - No mail row for BEIJING CAPITAL AIRLINES
2025-06-26 21:37:33,554 - WARNING - No mail row for BLUE DART AVIATION LIMITED
2025-06-26 21:37:33,555 - WARNING - No mail row for BRITISH AIRWAYS
2025-06-26 21:37:33,557 - WARNING - No mail row for CATHAY PACIFIC AIRWAYS
2025-06-26 21:37:38,002 - ERROR - \u2717 DHL EXPRESS I P.LTD.: (535, b'5.7.8 Username and Password not accepted. For more information, go to\n5.7.8  https://support.google.com/mail/?p=BadCredentials 41be03b00d2f7-b34c4472eafsm2041235a12.53 - gsmtp')
2025-06-26 21:37:38,005 - WARNING - No mail row for EMIRATES SKY CARGO
2025-06-26 21:37:38,006 - WARNING - No mail row for ETHIOPIAN AIRLINES
2025-06-26 21:37:38,007 - WARNING - No mail row for ETIHAD AIRWAYS
2025-06-26 21:37:38,008 - WARNING - No mail row for FEDEX EXPRESS TRANSPORTATION AND SUPPLY CHAIN SER
2025-06-26 21:37:38,008 - WARNING - No mail row for HONGKONG AIRLINES
2025-06-26 21:37:38,009 - WARNING - No mail row for INTERGLOBE AVIATION
2025-06-26 21:37:38,009 - WARNING - No mail row for K-MILE AIR CO. LTD.
2025-06-26 21:37:38,011 - WARNING - No mail row for LEISURE CARGO INDIA PVT LTD
2025-06-26 21:37:38,012 - WARNING - No mail row for LUFTHANSA CARGO AG
2025-06-26 21:37:38,012 - WARNING - No mail row for OMAN AIR S A O C
2025-06-26 21:37:38,013 - WARNING - No mail row for OSCAR FREIGHT P.LTD.
2025-06-26 21:37:38,013 - WARNING - No mail row for QATAR AIRWAYS
2025-06-26 21:37:38,014 - WARNING - No mail row for ROYAL BRUNEI AIRLINES
2025-06-26 21:37:38,015 - WARNING - No mail row for SALAMAIR SAOC
2025-06-26 21:37:38,016 - WARNING - No mail row for SHREEJI TRANSLOGISTICS LTD
2025-06-26 21:37:38,017 - WARNING - No mail row for SICHUAN AIRLINES
2025-06-26 21:37:38,017 - WARNING - No mail row for SRILANKAN AIRLINES LIMITED
2025-06-26 21:37:38,018 - WARNING - No mail row for THAI AIR ASIA CO LTD
2025-06-26 21:37:38,019 - WARNING - No mail row for THAI LION MENTARI CO. LTD
2025-06-26 21:37:38,020 - WARNING - No mail row for TT AVIATION HANDLING SERVICES P.LTD.
2025-06-26 21:37:38,021 - WARNING - No mail row for WCS WORLD CARGO SOLUTIONS INDIA PRIVATE
2025-06-26 21:37:38,023 - WARNING - No mail row for WISDOM GLOBAL FREIGHT SOLUTIONS PRIVATE LIMITED
2025-06-26 21:37:38,023 - WARNING - No mail row for YTO CARGO AIRLINES CO LTD
2025-06-26 21:38:19,205 - WARNING - No mail row for AFCOM HOLDINGS LIMITED
2025-06-26 21:38:19,206 - WARNING - No mail row for AIR ARABIA
2025-06-26 21:38:19,207 - WARNING - No mail row for AIR ARABIA ABU DHABI LLC
2025-06-26 21:38:19,209 - WARNING - No mail row for AIR INDIA LIMITED
2025-06-26 21:38:19,209 - WARNING - No mail row for AIRASIA BERHAD
2025-06-26 21:38:19,210 - WARNING - No mail row for AIRLIFT SERVICES PVT LTD
2025-06-26 21:38:19,210 - WARNING - No mail row for BEIJING CAPITAL AIRLINES
2025-06-26 21:38:19,211 - WARNING - No mail row for BLUE DART AVIATION LIMITED
2025-06-26 21:38:19,211 - WARNING - No mail row for BRITISH AIRWAYS
2025-06-26 21:38:19,212 - WARNING - No mail row for CATHAY PACIFIC AIRWAYS
2025-06-26 21:38:22,857 - ERROR - \u2717 DHL EXPRESS I P.LTD.: (535, b'5.7.8 Username and Password not accepted. For more information, go to\n5.7.8  https://support.google.com/mail/?p=BadCredentials 41be03b00d2f7-b34c4130e7fsm2062732a12.0 - gsmtp')
2025-06-26 21:38:22,858 - WARNING - No mail row for EMIRATES SKY CARGO
2025-06-26 21:38:22,859 - WARNING - No mail row for ETHIOPIAN AIRLINES
2025-06-26 21:38:22,860 - WARNING - No mail row for ETIHAD AIRWAYS
2025-06-26 21:38:22,860 - WARNING - No mail row for FEDEX EXPRESS TRANSPORTATION AND SUPPLY CHAIN SER
2025-06-26 21:38:22,861 - WARNING - No mail row for HONGKONG AIRLINES
2025-06-26 21:38:22,861 - WARNING - No mail row for INTERGLOBE AVIATION
2025-06-26 21:38:22,862 - WARNING - No mail row for K-MILE AIR CO. LTD.
2025-06-26 21:38:22,862 - WARNING - No mail row for LEISURE CARGO INDIA PVT LTD
2025-06-26 21:38:22,863 - WARNING - No mail row for LUFTHANSA CARGO AG
2025-06-26 21:38:22,863 - WARNING - No mail row for OMAN AIR S A O C
2025-06-26 21:38:22,864 - WARNING - No mail row for OSCAR FREIGHT P.LTD.
2025-06-26 21:38:22,864 - WARNING - No mail row for QATAR AIRWAYS
2025-06-26 21:38:22,865 - WARNING - No mail row for ROYAL BRUNEI AIRLINES
2025-06-26 21:38:22,865 - WARNING - No mail row for SALAMAIR SAOC
2025-06-26 21:38:22,867 - WARNING - No mail row for SHREEJI TRANSLOGISTICS LTD
2025-06-26 21:38:22,867 - WARNING - No mail row for SICHUAN AIRLINES
2025-06-26 21:38:22,868 - WARNING - No mail row for SRILANKAN AIRLINES LIMITED
2025-06-26 21:38:22,868 - WARNING - No mail row for THAI AIR ASIA CO LTD
2025-06-26 21:38:22,869 - WARNING - No mail row for THAI LION MENTARI CO. LTD
2025-06-26 21:38:22,869 - WARNING - No mail row for TT AVIATION HANDLING SERVICES P.LTD.
2025-06-26 21:38:22,869 - WARNING - No mail row for WCS WORLD CARGO SOLUTIONS INDIA PRIVATE
2025-06-26 21:38:22,869 - WARNING - No mail row for WISDOM GLOBAL FREIGHT SOLUTIONS PRIVATE LIMITED
2025-06-26 21:38:22,871 - WARNING - No mail row for YTO CARGO AIRLINES CO LTD
2025-06-26 21:44:51,879 - WARNING - No mail row for AFCOM HOLDINGS LIMITED
2025-06-26 21:44:51,880 - WARNING - No mail row for AIR ARABIA
2025-06-26 21:44:51,881 - WARNING - No mail row for AIR ARABIA ABU DHABI LLC
2025-06-26 21:44:51,881 - WARNING - No mail row for AIR INDIA LIMITED
2025-06-26 21:44:51,881 - WARNING - No mail row for AIRASIA BERHAD
2025-06-26 21:44:51,882 - WARNING - No mail row for AIRLIFT SERVICES PVT LTD
2025-06-26 21:44:51,882 - WARNING - No mail row for BEIJING CAPITAL AIRLINES
2025-06-26 21:44:51,882 - WARNING - No mail row for BLUE DART AVIATION LIMITED
2025-06-26 21:44:51,883 - WARNING - No mail row for BRITISH AIRWAYS
2025-06-26 21:44:51,883 - WARNING - No mail row for CATHAY PACIFIC AIRWAYS
2025-06-26 21:45:24,317 - INFO - \u2713 DHL EXPRESS I P.LTD.: mail sent to contact.skhavin@gmail.com, receivablesmaa@aaiclas.aero
2025-06-26 21:45:24,319 - WARNING - No mail row for EMIRATES SKY CARGO
2025-06-26 21:45:24,320 - WARNING - No mail row for ETHIOPIAN AIRLINES
2025-06-26 21:45:24,321 - WARNING - No mail row for ETIHAD AIRWAYS
2025-06-26 21:45:24,321 - WARNING - No mail row for FEDEX EXPRESS TRANSPORTATION AND SUPPLY CHAIN SER
2025-06-26 21:45:24,322 - WARNING - No mail row for HONGKONG AIRLINES
2025-06-26 21:45:24,323 - WARNING - No mail row for INTERGLOBE AVIATION
2025-06-26 21:45:24,324 - WARNING - No mail row for K-MILE AIR CO. LTD.
2025-06-26 21:45:24,324 - WARNING - No mail row for LEISURE CARGO INDIA PVT LTD
2025-06-26 21:45:24,325 - WARNING - No mail row for LUFTHANSA CARGO AG
2025-06-26 21:45:24,327 - WARNING - No mail row for OMAN AIR S A O C
2025-06-26 21:45:24,327 - WARNING - No mail row for OSCAR FREIGHT P.LTD.
2025-06-26 21:45:24,328 - WARNING - No mail row for QATAR AIRWAYS
2025-06-26 21:45:24,328 - WARNING - No mail row for ROYAL BRUNEI AIRLINES
2025-06-26 21:45:24,328 - WARNING - No mail row for SALAMAIR SAOC
2025-06-26 21:45:24,329 - WARNING - No mail row for SHREEJI TRANSLOGISTICS LTD
2025-06-26 21:45:24,330 - WARNING - No mail row for SICHUAN AIRLINES
2025-06-26 21:45:24,331 - WARNING - No mail row for SRILANKAN AIRLINES LIMITED
2025-06-26 21:45:24,332 - WARNING - No mail row for THAI AIR ASIA CO LTD
2025-06-26 21:45:24,332 - WARNING - No mail row for THAI LION MENTARI CO. LTD
2025-06-26 21:45:24,334 - WARNING - No mail row for TT AVIATION HANDLING SERVICES P.LTD.
2025-06-26 21:45:24,335 - WARNING - No mail row for WCS WORLD CARGO SOLUTIONS INDIA PRIVATE
2025-06-26 21:45:24,335 - WARNING - No mail row for WISDOM GLOBAL FREIGHT SOLUTIONS PRIVATE LIMITED
2025-06-26 21:45:24,336 - WARNING - No mail row for YTO CARGO AIRLINES CO LTD
2025-06-27 11:20:23,794 - WARNING - No mail row for AFCOM HOLDINGS LIMITED
2025-06-27 11:20:23,796 - WARNING - No mail row for AIR ARABIA
2025-06-27 11:20:23,797 - WARNING - No mail row for AIR ARABIA ABU DHABI LLC
2025-06-27 11:20:23,798 - WARNING - No mail row for AIR INDIA LIMITED
2025-06-27 11:20:23,799 - WARNING - No mail row for AIRASIA BERHAD
2025-06-27 11:20:23,799 - WARNING - No mail row for AIRLIFT SERVICES PVT LTD
2025-06-27 11:20:23,800 - WARNING - No mail row for BEIJING CAPITAL AIRLINES
2025-06-27 11:20:23,800 - WARNING - No mail row for BLUE DART AVIATION LIMITED
2025-06-27 11:20:23,801 - WARNING - No mail row for BRITISH AIRWAYS
2025-06-27 11:20:23,801 - WARNING - No mail row for CATHAY PACIFIC AIRWAYS
2025-06-27 11:20:27,724 - INFO - \u2713 DHL EXPRESS I P.LTD.: mail sent to contact.skhavin@gmail.com, receivablesmaa@aaiclas.aero
2025-06-27 11:20:27,726 - WARNING - No mail row for EMIRATES SKY CARGO
2025-06-27 11:20:27,727 - WARNING - No mail row for ETHIOPIAN AIRLINES
2025-06-27 11:20:27,727 - WARNING - No mail row for ETIHAD AIRWAYS
2025-06-27 11:20:27,728 - WARNING - No mail row for FEDEX EXPRESS TRANSPORTATION AND SUPPLY CHAIN SER
2025-06-27 11:20:27,728 - WARNING - No mail row for HONGKONG AIRLINES
2025-06-27 11:20:27,729 - WARNING - No mail row for INTERGLOBE AVIATION
2025-06-27 11:20:27,729 - WARNING - No mail row for K-MILE AIR CO. LTD.
2025-06-27 11:20:27,730 - WARNING - No mail row for LEISURE CARGO INDIA PVT LTD
2025-06-27 11:20:27,730 - WARNING - No mail row for LUFTHANSA CARGO AG
2025-06-27 11:20:27,731 - WARNING - No mail row for OMAN AIR S A O C
2025-06-27 11:20:27,731 - WARNING - No mail row for OSCAR FREIGHT P.LTD.
2025-06-27 11:20:27,732 - WARNING - No mail row for QATAR AIRWAYS
2025-06-27 11:20:27,732 - WARNING - No mail row for ROYAL BRUNEI AIRLINES
2025-06-27 11:20:27,733 - WARNING - No mail row for SALAMAIR SAOC
2025-06-27 11:20:27,733 - WARNING - No mail row for SHREEJI TRANSLOGISTICS LTD
2025-06-27 11:20:27,734 - WARNING - No mail row for SICHUAN AIRLINES
2025-06-27 11:20:27,734 - WARNING - No mail row for SRILANKAN AIRLINES LIMITED
2025-06-27 11:20:27,734 - WARNING - No mail row for THAI AIR ASIA CO LTD
2025-06-27 11:20:27,735 - WARNING - No mail row for THAI LION MENTARI CO. LTD
2025-06-27 11:20:27,735 - WARNING - No mail row for TT AVIATION HANDLING SERVICES P.LTD.
2025-06-27 11:20:27,736 - WARNING - No mail row for WCS WORLD CARGO SOLUTIONS INDIA PRIVATE
2025-06-27 11:20:27,736 - WARNING - No mail row for WISDOM GLOBAL FREIGHT SOLUTIONS PRIVATE LIMITED
2025-06-27 11:20:27,738 - WARNING - No mail row for YTO CARGO AIRLINES CO LTD
2025-06-27 11:43:16,178 - WARNING - No mail row for AFCOM HOLDINGS LIMITED
2025-06-27 11:43:16,178 - WARNING - No mail row for AIR ARABIA
2025-06-27 11:43:16,179 - WARNING - No mail row for AIR ARABIA ABU DHABI LLC
2025-06-27 11:43:16,179 - WARNING - No mail row for AIR INDIA LIMITED
2025-06-27 11:43:16,179 - WARNING - No mail row for AIRASIA BERHAD
2025-06-27 11:43:16,179 - WARNING - No mail row for AIRLIFT SERVICES PVT LTD
2025-06-27 11:43:16,180 - WARNING - No mail row for BEIJING CAPITAL AIRLINES
2025-06-27 11:43:16,180 - WARNING - No mail row for BLUE DART AVIATION LIMITED
2025-06-27 11:43:16,180 - WARNING - No mail row for BRITISH AIRWAYS
2025-06-27 11:43:16,180 - WARNING - No mail row for CATHAY PACIFIC AIRWAYS
2025-06-27 11:49:01,364 - WARNING - Failed to save to sent items: b'LOGIN failed.'
2025-06-27 11:55:07,078 - WARNING - Failed to save to sent items: b'LOGIN failed.'
2025-06-27 11:58:40,527 - WARNING - Failed to read as Excel: [Errno 2] No such file or directory: 'C:\\Users\\User\\Desktop\\billing2.xlsx'
